
Circuit 1 cell sky130_fd_pr__pfet_01v8 and Circuit 2 cell sky130_fd_pr__pfet_01v8 are black boxes.
Warning: Equate pins:  cell sky130_fd_pr__pfet_01v8 is a placeholder, treated as a black box.
Warning: Equate pins:  cell sky130_fd_pr__pfet_01v8 is a placeholder, treated as a black box.

Subcircuit pins:
Circuit 1: sky130_fd_pr__pfet_01v8         |Circuit 2: sky130_fd_pr__pfet_01v8         
-------------------------------------------|-------------------------------------------
1                                          |1                                          
2                                          |2                                          
3                                          |3                                          
4                                          |4                                          
---------------------------------------------------------------------------------------
Cell pin lists are equivalent.
Device classes sky130_fd_pr__pfet_01v8 and sky130_fd_pr__pfet_01v8 are equivalent.

Circuit 1 cell sky130_fd_pr__nfet_01v8 and Circuit 2 cell sky130_fd_pr__nfet_01v8 are black boxes.
Warning: Equate pins:  cell sky130_fd_pr__nfet_01v8 is a placeholder, treated as a black box.
Warning: Equate pins:  cell sky130_fd_pr__nfet_01v8 is a placeholder, treated as a black box.

Subcircuit pins:
Circuit 1: sky130_fd_pr__nfet_01v8         |Circuit 2: sky130_fd_pr__nfet_01v8         
-------------------------------------------|-------------------------------------------
1                                          |1                                          
2                                          |2                                          
3                                          |3                                          
4                                          |4                                          
---------------------------------------------------------------------------------------
Cell pin lists are equivalent.
Device classes sky130_fd_pr__nfet_01v8 and sky130_fd_pr__nfet_01v8 are equivalent.

Class strong_arm_comparator_lvs (0):  Merged 45 parallel devices.
Subcircuit summary:
Circuit 1: strong_arm_comparator_lvs       |Circuit 2: strong_arm_comp                 
-------------------------------------------|-------------------------------------------
sky130_fd_pr__pfet_01v8 (16->6)            |sky130_fd_pr__pfet_01v8 (6)                
sky130_fd_pr__nfet_01v8 (40->5)            |sky130_fd_pr__nfet_01v8 (5)                
Number of devices: 11                      |Number of devices: 11                      
Number of nets: 10                         |Number of nets: 10                         
---------------------------------------------------------------------------------------
Resolving symmetries by property value.
Resolving symmetries by pin name.
Netlists match uniquely.

Subcircuit pins:
Circuit 1: strong_arm_comparator_lvs       |Circuit 2: strong_arm_comp                 
-------------------------------------------|-------------------------------------------
VSS                                        |VSS                                        
Vin_p                                      |Vin_p                                      
Vin_n                                      |Vin_n                                      
Di_n                                       |Di_n                                       
Di_p                                       |Di_p                                       
Vout_n                                     |Vout_n                                     
Vout_p                                     |Vout_p                                     
CLK                                        |CLK                                        
VDD                                        |VDD                                        
---------------------------------------------------------------------------------------
Cell pin lists are equivalent.
Device classes strong_arm_comparator_lvs and strong_arm_comp are equivalent.

Final result: Circuits match uniquely.
.
